<?xml version="1.0" encoding="UTF-8"?>
<testsuites name="Mocha Tests" time="8.8820" tests="1" failures="0">
  <testsuite name="Root Suite" timestamp="2021-02-05T16:14:12" tests="0" file="cypress/integration/testWithPageObjects.spec.js" time="0.0000" failures="0">
  </testsuite>
  <testsuite name="Test with Page Objects" timestamp="2021-02-05T16:14:12" tests="1" time="8.8820" failures="0">
    <testcase name="Test with Page Objects verify navigation across the pages" time="8.8820" classname="verify navigation across the pages">
    </testcase>
  </testsuite>
</testsuites>