<?xml version="1.0" encoding="UTF-8"?>
<testsuites name="Mocha Tests" time="1.9290" tests="1" failures="0">
  <testsuite name="Root Suite" timestamp="2021-02-05T07:58:15" tests="0" file="cypress/integration/jsonObjects.spec.js" time="0.0000" failures="0">
  </testsuite>
  <testsuite name="JSON objects" timestamp="2021-02-05T07:58:15" tests="1" time="1.9290" failures="0">
    <testcase name="JSON objects JSON objects" time="1.9290" classname="JSON objects">
    </testcase>
  </testsuite>
</testsuites>